mode: set
sirclo/project/capstone/delivery/controllers/user/user.go:22.64,24.2 1 1
sirclo/project/capstone/delivery/controllers/user/user.go:27.66,28.36 1 1
sirclo/project/capstone/delivery/controllers/user/user.go:28.36,31.46 2 1
sirclo/project/capstone/delivery/controllers/user/user.go:37.3,41.22 4 1
sirclo/project/capstone/delivery/controllers/user/user.go:46.3,54.35 2 1
sirclo/project/capstone/delivery/controllers/user/user.go:61.3,62.17 2 1
sirclo/project/capstone/delivery/controllers/user/user.go:67.3,67.99 1 1
sirclo/project/capstone/delivery/controllers/user/user.go:31.46,34.4 2 1
sirclo/project/capstone/delivery/controllers/user/user.go:41.22,44.4 2 0
sirclo/project/capstone/delivery/controllers/user/user.go:54.35,55.29 1 1
sirclo/project/capstone/delivery/controllers/user/user.go:55.29,57.5 1 1
sirclo/project/capstone/delivery/controllers/user/user.go:62.17,65.4 2 1
sirclo/project/capstone/delivery/controllers/user/user.go:72.63,73.36 1 1
sirclo/project/capstone/delivery/controllers/user/user.go:73.36,77.17 2 1
sirclo/project/capstone/delivery/controllers/user/user.go:81.3,82.17 2 1
sirclo/project/capstone/delivery/controllers/user/user.go:86.3,86.95 1 1
sirclo/project/capstone/delivery/controllers/user/user.go:77.17,79.4 1 1
sirclo/project/capstone/delivery/controllers/user/user.go:82.17,84.4 1 1
sirclo/project/capstone/delivery/controllers/user/user.go:91.64,92.36 1 1
sirclo/project/capstone/delivery/controllers/user/user.go:92.36,94.17 2 1
sirclo/project/capstone/delivery/controllers/user/user.go:97.3,97.100 1 1
sirclo/project/capstone/delivery/controllers/user/user.go:94.17,96.4 1 1
sirclo/project/capstone/delivery/controllers/request/request.go:20.79,22.2 1 1
sirclo/project/capstone/delivery/controllers/request/request.go:25.70,26.36 1 1
sirclo/project/capstone/delivery/controllers/request/request.go:26.36,28.32 2 1
sirclo/project/capstone/delivery/controllers/request/request.go:33.3,34.45 2 1
sirclo/project/capstone/delivery/controllers/request/request.go:39.3,41.18 2 1
sirclo/project/capstone/delivery/controllers/request/request.go:52.3,52.18 1 1
sirclo/project/capstone/delivery/controllers/request/request.go:63.3,64.17 2 1
sirclo/project/capstone/delivery/controllers/request/request.go:68.3,68.102 1 1
sirclo/project/capstone/delivery/controllers/request/request.go:28.32,30.4 1 1
sirclo/project/capstone/delivery/controllers/request/request.go:34.45,37.4 2 1
sirclo/project/capstone/delivery/controllers/request/request.go:41.18,50.4 2 1
sirclo/project/capstone/delivery/controllers/request/request.go:52.18,60.4 1 1
sirclo/project/capstone/delivery/controllers/request/request.go:64.17,67.4 2 1
sirclo/project/capstone/delivery/controllers/request/request.go:73.73,74.36 1 1
sirclo/project/capstone/delivery/controllers/request/request.go:74.36,76.17 2 1
sirclo/project/capstone/delivery/controllers/request/request.go:81.3,82.17 2 1
sirclo/project/capstone/delivery/controllers/request/request.go:86.3,87.17 2 1
sirclo/project/capstone/delivery/controllers/request/request.go:90.3,90.99 1 1
sirclo/project/capstone/delivery/controllers/request/request.go:76.17,78.4 1 1
sirclo/project/capstone/delivery/controllers/request/request.go:82.17,84.4 1 1
sirclo/project/capstone/delivery/controllers/request/request.go:87.17,89.4 1 1
sirclo/project/capstone/delivery/controllers/request/request.go:95.68,96.36 1 1
sirclo/project/capstone/delivery/controllers/request/request.go:96.36,98.17 2 1
sirclo/project/capstone/delivery/controllers/request/request.go:103.3,104.21 2 1
sirclo/project/capstone/delivery/controllers/request/request.go:109.3,111.50 2 1
sirclo/project/capstone/delivery/controllers/request/request.go:133.3,133.17 1 1
sirclo/project/capstone/delivery/controllers/request/request.go:160.3,161.23 2 1
sirclo/project/capstone/delivery/controllers/request/request.go:166.3,166.29 1 1
sirclo/project/capstone/delivery/controllers/request/request.go:178.3,178.29 1 1
sirclo/project/capstone/delivery/controllers/request/request.go:190.3,190.102 1 1
sirclo/project/capstone/delivery/controllers/request/request.go:98.17,100.4 1 1
sirclo/project/capstone/delivery/controllers/request/request.go:104.21,106.4 1 1
sirclo/project/capstone/delivery/controllers/request/request.go:111.50,113.4 1 1
sirclo/project/capstone/delivery/controllers/request/request.go:135.10,136.30 1 1
sirclo/project/capstone/delivery/controllers/request/request.go:146.10,147.30 1 1
sirclo/project/capstone/delivery/controllers/request/request.go:151.10,152.30 1 1
sirclo/project/capstone/delivery/controllers/request/request.go:136.30,137.31 1 1
sirclo/project/capstone/delivery/controllers/request/request.go:137.31,138.32 1 1
sirclo/project/capstone/delivery/controllers/request/request.go:138.32,139.33 1 1
sirclo/project/capstone/delivery/controllers/request/request.go:139.33,141.8 1 1
sirclo/project/capstone/delivery/controllers/request/request.go:147.30,149.5 1 1
sirclo/project/capstone/delivery/controllers/request/request.go:152.30,153.31 1 1
sirclo/project/capstone/delivery/controllers/request/request.go:153.31,155.6 1 1
sirclo/project/capstone/delivery/controllers/request/request.go:161.23,163.4 1 1
sirclo/project/capstone/delivery/controllers/request/request.go:166.29,169.36 2 0
sirclo/project/capstone/delivery/controllers/request/request.go:169.36,172.19 3 0
sirclo/project/capstone/delivery/controllers/request/request.go:172.19,174.6 1 0
sirclo/project/capstone/delivery/controllers/request/request.go:178.29,181.59 2 0
sirclo/project/capstone/delivery/controllers/request/request.go:181.59,184.19 3 0
sirclo/project/capstone/delivery/controllers/request/request.go:184.19,186.6 1 0
sirclo/project/capstone/delivery/controllers/request/request.go:195.71,196.36 1 1
sirclo/project/capstone/delivery/controllers/request/request.go:196.36,198.17 2 1
sirclo/project/capstone/delivery/controllers/request/request.go:202.3,210.17 8 1
sirclo/project/capstone/delivery/controllers/request/request.go:214.3,215.17 2 1
sirclo/project/capstone/delivery/controllers/request/request.go:219.3,221.17 3 1
sirclo/project/capstone/delivery/controllers/request/request.go:240.3,240.17 1 1
sirclo/project/capstone/delivery/controllers/request/request.go:243.3,246.6 1 1
sirclo/project/capstone/delivery/controllers/request/request.go:198.17,200.4 1 1
